<?xml version="1.0" encoding="UTF-8"?>
<!-- Generated by org.testng.reporters.JUnitXMLReporter -->
<testsuite hostname="DESKTOP-KM30SPA" ignored="0" name="Default test" tests="5" failures="0" timestamp="2023-01-23T10:31:43 IST" time="47.905" errors="0">
  <testcase name="enginePerformance" time="2.975" classname="testCasesOfTricentisAutomationModule.TC_AM_EnterVehicleData_009"/>
  <testcase name="enginePerformance" time="0.75" classname="testCasesOfTricentisAutomationModule.TC_AM_EnterVehicleData_009"/>
  <testcase name="enginePerformance" time="2.736" classname="testCasesOfTricentisAutomationModule.TC_AM_EnterVehicleData_009"/>
  <testcase name="enginePerformance" time="0.672" classname="testCasesOfTricentisAutomationModule.TC_AM_EnterVehicleData_009"/>
  <testcase name="enginePerformance" time="2.734" classname="testCasesOfTricentisAutomationModule.TC_AM_EnterVehicleData_009"/>
</testsuite> <!-- Default test -->
